<?xml version="1.0" encoding="UTF-8"?>
<!-- Generated by org.testng.reporters.JUnitReportReporter -->
<testsuite hostname="DESKTOP-M8MOJ3U" failures="0" tests="2" name="com.newtours.test.RegressionTesting" time="25.463" errors="0" timestamp="2022-10-29T14:02:20 IST" skipped="0">
  <testcase classname="com.newtours.test.RegressionTesting" name="setup" time="16.280"/>
  <system-out/>
  <testcase classname="com.newtours.test.RegressionTesting" name="test_Home_Page_Appear_Correct" time="9.183"/>
  <system-out/>
</testsuite> <!-- com.newtours.test.RegressionTesting -->
