<?xml version="1.0" encoding="UTF-8"?>
<!-- Generated by org.testng.reporters.JUnitReportReporter -->
<testsuite hostname="DESKTOP-M8MOJ3U" failures="0" tests="1" name="com.newtours.test.Screenshot" time="22.289" errors="0" timestamp="2022-10-29T14:18:29 IST" skipped="0">
  <testcase classname="com.newtours.test.Screenshot" name="testGuru99TakeScreenShot" time="22.289"/>
  <system-out/>
</testsuite> <!-- com.newtours.test.Screenshot -->
